
*** Running vivado
    with args -log pacman.vdi -applog -m64 -product Vivado -messageDb vivado.pb -mode batch -source pacman.tcl -notrace



****** Vivado v2022.2 (64-bit)
  **** SW Build 3671981 on Fri Oct 14 05:00:03 MDT 2022
  **** IP Build 3669848 on Fri Oct 14 08:30:02 MDT 2022
    ** Copyright 1986-2022 Xilinx, Inc. All Rights Reserved.

source pacman.tcl -notrace
create_project: Time (s): cpu = 00:00:05 ; elapsed = 00:00:06 . Memory (MB): peak = 1003.367 ; gain = 119.531
Command: link_design -top pacman -part xc7a100tcsg324-1
Design is defaulting to srcset: sources_1
Design is defaulting to constrset: constrs_1
INFO: [Device 21-403] Loading part xc7a100tcsg324-1
Netlist sorting complete. Time (s): cpu = 00:00:00 ; elapsed = 00:00:00.010 . Memory (MB): peak = 1424.789 ; gain = 0.000
INFO: [Netlist 29-17] Analyzing 277 Unisim elements for replacement
INFO: [Netlist 29-28] Unisim Transformation completed in 0 CPU seconds
WARNING: [Netlist 29-101] Netlist 'pacman' is not ideal for floorplanning, since the cellview 'pacman' contains a large number of primitives.  Please consider enabling hierarchy in synthesis if you want to do floorplanning.
INFO: [Project 1-479] Netlist was created with Vivado 2022.2
INFO: [Project 1-570] Preparing netlist for logic optimization
Parsing XDC File [C:/Users/Daria/OneDrive/Documente/facultate/dsd-lab/Miss_PacMan/Miss_PacMan.srcs/constrs_1/new/constraints.xdc]
CRITICAL WARNING: [Common 17-1548] Command failed: invalid command name "IO_L12P_T1_MRCC_35"
 [C:/Users/Daria/OneDrive/Documente/facultate/dsd-lab/Miss_PacMan/Miss_PacMan.srcs/constrs_1/new/constraints.xdc:7]
CRITICAL WARNING: [Common 17-1548] Command failed: invalid command name "IO_L18P_T2_A24_15"
 [C:/Users/Daria/OneDrive/Documente/facultate/dsd-lab/Miss_PacMan/Miss_PacMan.srcs/constrs_1/new/constraints.xdc:33]
CRITICAL WARNING: [Common 17-1548] Command failed: invalid command name "IO_L24P_T3_RS1_15"
 [C:/Users/Daria/OneDrive/Documente/facultate/dsd-lab/Miss_PacMan/Miss_PacMan.srcs/constrs_1/new/constraints.xdc:34]
CRITICAL WARNING: [Common 17-1548] Command failed: invalid command name "IO_L17N_T2_A25_15"
 [C:/Users/Daria/OneDrive/Documente/facultate/dsd-lab/Miss_PacMan/Miss_PacMan.srcs/constrs_1/new/constraints.xdc:35]
CRITICAL WARNING: [Common 17-1548] Command failed: invalid command name "IO_L8P_T1_D11_14"
 [C:/Users/Daria/OneDrive/Documente/facultate/dsd-lab/Miss_PacMan/Miss_PacMan.srcs/constrs_1/new/constraints.xdc:36]
CRITICAL WARNING: [Common 17-1548] Command failed: invalid command name "IO_L7P_T1_D09_14"
 [C:/Users/Daria/OneDrive/Documente/facultate/dsd-lab/Miss_PacMan/Miss_PacMan.srcs/constrs_1/new/constraints.xdc:37]
CRITICAL WARNING: [Common 17-1548] Command failed: invalid command name "IO_L18N_T2_A11_D27_14"
 [C:/Users/Daria/OneDrive/Documente/facultate/dsd-lab/Miss_PacMan/Miss_PacMan.srcs/constrs_1/new/constraints.xdc:38]
CRITICAL WARNING: [Common 17-1548] Command failed: invalid command name "IO_L17P_T2_A14_D30_14"
 [C:/Users/Daria/OneDrive/Documente/facultate/dsd-lab/Miss_PacMan/Miss_PacMan.srcs/constrs_1/new/constraints.xdc:39]
CRITICAL WARNING: [Common 17-1548] Command failed: invalid command name "IO_L18P_T2_A12_D28_14"
 [C:/Users/Daria/OneDrive/Documente/facultate/dsd-lab/Miss_PacMan/Miss_PacMan.srcs/constrs_1/new/constraints.xdc:40]
CRITICAL WARNING: [Common 17-1548] Command failed: invalid command name "IO_L16N_T2_A15_D31_14"
 [C:/Users/Daria/OneDrive/Documente/facultate/dsd-lab/Miss_PacMan/Miss_PacMan.srcs/constrs_1/new/constraints.xdc:41]
CRITICAL WARNING: [Common 17-1548] Command failed: invalid command name "IO_L14N_T2_SRCC_14"
 [C:/Users/Daria/OneDrive/Documente/facultate/dsd-lab/Miss_PacMan/Miss_PacMan.srcs/constrs_1/new/constraints.xdc:42]
CRITICAL WARNING: [Common 17-1548] Command failed: invalid command name "IO_L22P_T3_A05_D21_14"
 [C:/Users/Daria/OneDrive/Documente/facultate/dsd-lab/Miss_PacMan/Miss_PacMan.srcs/constrs_1/new/constraints.xdc:43]
CRITICAL WARNING: [Common 17-1548] Command failed: invalid command name "IO_L15N_T2_DQS_DOUT_CSO_B_14"
 [C:/Users/Daria/OneDrive/Documente/facultate/dsd-lab/Miss_PacMan/Miss_PacMan.srcs/constrs_1/new/constraints.xdc:44]
CRITICAL WARNING: [Common 17-1548] Command failed: invalid command name "IO_L16P_T2_CSI_B_14"
 [C:/Users/Daria/OneDrive/Documente/facultate/dsd-lab/Miss_PacMan/Miss_PacMan.srcs/constrs_1/new/constraints.xdc:45]
CRITICAL WARNING: [Common 17-1548] Command failed: invalid command name "IO_L22N_T3_A04_D20_14"
 [C:/Users/Daria/OneDrive/Documente/facultate/dsd-lab/Miss_PacMan/Miss_PacMan.srcs/constrs_1/new/constraints.xdc:46]
CRITICAL WARNING: [Common 17-1548] Command failed: invalid command name "IO_L20N_T3_A07_D23_14"
 [C:/Users/Daria/OneDrive/Documente/facultate/dsd-lab/Miss_PacMan/Miss_PacMan.srcs/constrs_1/new/constraints.xdc:47]
CRITICAL WARNING: [Common 17-1548] Command failed: invalid command name "IO_L21N_T3_DQS_A06_D22_14"
 [C:/Users/Daria/OneDrive/Documente/facultate/dsd-lab/Miss_PacMan/Miss_PacMan.srcs/constrs_1/new/constraints.xdc:48]
CRITICAL WARNING: [Common 17-1548] Command failed: invalid command name "IO_L24N_T3_A00_D16_14"
 [C:/Users/Daria/OneDrive/Documente/facultate/dsd-lab/Miss_PacMan/Miss_PacMan.srcs/constrs_1/new/constraints.xdc:60]
CRITICAL WARNING: [Common 17-1548] Command failed: invalid command name "IO_25_14"
 [C:/Users/Daria/OneDrive/Documente/facultate/dsd-lab/Miss_PacMan/Miss_PacMan.srcs/constrs_1/new/constraints.xdc:61]
CRITICAL WARNING: [Common 17-1548] Command failed: invalid command name "IO_25_15"
 [C:/Users/Daria/OneDrive/Documente/facultate/dsd-lab/Miss_PacMan/Miss_PacMan.srcs/constrs_1/new/constraints.xdc:62]
CRITICAL WARNING: [Common 17-1548] Command failed: invalid command name "IO_L17P_T2_A26_15"
 [C:/Users/Daria/OneDrive/Documente/facultate/dsd-lab/Miss_PacMan/Miss_PacMan.srcs/constrs_1/new/constraints.xdc:63]
CRITICAL WARNING: [Common 17-1548] Command failed: invalid command name "IO_L13P_T2_MRCC_14"
 [C:/Users/Daria/OneDrive/Documente/facultate/dsd-lab/Miss_PacMan/Miss_PacMan.srcs/constrs_1/new/constraints.xdc:64]
CRITICAL WARNING: [Common 17-1548] Command failed: invalid command name "IO_L19P_T3_A10_D26_14"
 [C:/Users/Daria/OneDrive/Documente/facultate/dsd-lab/Miss_PacMan/Miss_PacMan.srcs/constrs_1/new/constraints.xdc:65]
CRITICAL WARNING: [Common 17-1548] Command failed: invalid command name "IO_L4P_T0_D04_14"
 [C:/Users/Daria/OneDrive/Documente/facultate/dsd-lab/Miss_PacMan/Miss_PacMan.srcs/constrs_1/new/constraints.xdc:66]
CRITICAL WARNING: [Common 17-1548] Command failed: invalid command name "IO_L23P_T3_FOE_B_15"
 [C:/Users/Daria/OneDrive/Documente/facultate/dsd-lab/Miss_PacMan/Miss_PacMan.srcs/constrs_1/new/constraints.xdc:70]
CRITICAL WARNING: [Common 17-1548] Command failed: invalid command name "IO_L23N_T3_FWE_B_15"
 [C:/Users/Daria/OneDrive/Documente/facultate/dsd-lab/Miss_PacMan/Miss_PacMan.srcs/constrs_1/new/constraints.xdc:71]
CRITICAL WARNING: [Common 17-1548] Command failed: invalid command name "IO_L24P_T3_A01_D17_14"
 [C:/Users/Daria/OneDrive/Documente/facultate/dsd-lab/Miss_PacMan/Miss_PacMan.srcs/constrs_1/new/constraints.xdc:72]
CRITICAL WARNING: [Common 17-1548] Command failed: invalid command name "IO_L19P_T3_A22_15"
 [C:/Users/Daria/OneDrive/Documente/facultate/dsd-lab/Miss_PacMan/Miss_PacMan.srcs/constrs_1/new/constraints.xdc:73]
CRITICAL WARNING: [Common 17-1548] Command failed: invalid command name "IO_L8N_T1_D12_14"
 [C:/Users/Daria/OneDrive/Documente/facultate/dsd-lab/Miss_PacMan/Miss_PacMan.srcs/constrs_1/new/constraints.xdc:74]
CRITICAL WARNING: [Common 17-1548] Command failed: invalid command name "IO_L14P_T2_SRCC_14"
 [C:/Users/Daria/OneDrive/Documente/facultate/dsd-lab/Miss_PacMan/Miss_PacMan.srcs/constrs_1/new/constraints.xdc:75]
CRITICAL WARNING: [Common 17-1548] Command failed: invalid command name "IO_L23P_T3_35"
 [C:/Users/Daria/OneDrive/Documente/facultate/dsd-lab/Miss_PacMan/Miss_PacMan.srcs/constrs_1/new/constraints.xdc:76]
CRITICAL WARNING: [Common 17-1548] Command failed: invalid command name "IO_L23N_T3_A02_D18_14"
 [C:/Users/Daria/OneDrive/Documente/facultate/dsd-lab/Miss_PacMan/Miss_PacMan.srcs/constrs_1/new/constraints.xdc:77]
CRITICAL WARNING: [Common 17-1548] Command failed: invalid command name "IO_L9P_T1_DQS_14"
 [C:/Users/Daria/OneDrive/Documente/facultate/dsd-lab/Miss_PacMan/Miss_PacMan.srcs/constrs_1/new/constraints.xdc:84]
CRITICAL WARNING: [Common 17-1548] Command failed: invalid command name "IO_L4N_T0_D05_14"
 [C:/Users/Daria/OneDrive/Documente/facultate/dsd-lab/Miss_PacMan/Miss_PacMan.srcs/constrs_1/new/constraints.xdc:85]
CRITICAL WARNING: [Common 17-1548] Command failed: invalid command name "IO_L12P_T1_MRCC_14"
 [C:/Users/Daria/OneDrive/Documente/facultate/dsd-lab/Miss_PacMan/Miss_PacMan.srcs/constrs_1/new/constraints.xdc:86]
CRITICAL WARNING: [Common 17-1548] Command failed: invalid command name "IO_L10N_T1_D15_14"
 [C:/Users/Daria/OneDrive/Documente/facultate/dsd-lab/Miss_PacMan/Miss_PacMan.srcs/constrs_1/new/constraints.xdc:87]
CRITICAL WARNING: [Common 17-1548] Command failed: invalid command name "IO_L9N_T1_DQS_D13_14"
 [C:/Users/Daria/OneDrive/Documente/facultate/dsd-lab/Miss_PacMan/Miss_PacMan.srcs/constrs_1/new/constraints.xdc:88]
Finished Parsing XDC File [C:/Users/Daria/OneDrive/Documente/facultate/dsd-lab/Miss_PacMan/Miss_PacMan.srcs/constrs_1/new/constraints.xdc]
INFO: [Opt 31-138] Pushed 0 inverter(s) to 0 load pin(s).
Netlist sorting complete. Time (s): cpu = 00:00:00 ; elapsed = 00:00:00 . Memory (MB): peak = 1559.750 ; gain = 0.000
INFO: [Project 1-111] Unisim Transformation Summary:
No Unisim elements were transformed.

7 Infos, 1 Warnings, 37 Critical Warnings and 0 Errors encountered.
link_design completed successfully
link_design: Time (s): cpu = 00:00:07 ; elapsed = 00:00:08 . Memory (MB): peak = 1563.816 ; gain = 555.730
Command: opt_design
Attempting to get a license for feature 'Implementation' and/or device 'xc7a100t'
INFO: [Common 17-349] Got license for feature 'Implementation' and/or device 'xc7a100t'
Running DRC as a precondition to command opt_design

Starting DRC Task
INFO: [DRC 23-27] Running DRC with 2 threads
INFO: [Project 1-461] DRC finished with 0 Errors
INFO: [Project 1-462] Please refer to the DRC report (report_drc) for more information.

Time (s): cpu = 00:00:02 ; elapsed = 00:00:01 . Memory (MB): peak = 1580.766 ; gain = 16.949

Starting Cache Timing Information Task
INFO: [Timing 38-35] Done setting XDC timing constraints.
Ending Cache Timing Information Task | Checksum: 1d9afb591

Time (s): cpu = 00:00:08 ; elapsed = 00:00:08 . Memory (MB): peak = 2139.074 ; gain = 558.309

Starting Logic Optimization Task

Phase 1 Retarget
INFO: [Opt 31-138] Pushed 0 inverter(s) to 0 load pin(s).
INFO: [Opt 31-49] Retargeted 0 cell(s).
Phase 1 Retarget | Checksum: 1d9afb591

Time (s): cpu = 00:00:00 ; elapsed = 00:00:00.141 . Memory (MB): peak = 2479.594 ; gain = 0.000
INFO: [Opt 31-389] Phase Retarget created 0 cells and removed 0 cells

Phase 2 Constant propagation
INFO: [Opt 31-138] Pushed 0 inverter(s) to 0 load pin(s).
Phase 2 Constant propagation | Checksum: 14c79fffc

Time (s): cpu = 00:00:00 ; elapsed = 00:00:00.162 . Memory (MB): peak = 2479.594 ; gain = 0.000
INFO: [Opt 31-389] Phase Constant propagation created 0 cells and removed 0 cells

Phase 3 Sweep
Phase 3 Sweep | Checksum: 1c3e9ba5e

Time (s): cpu = 00:00:00 ; elapsed = 00:00:00.184 . Memory (MB): peak = 2479.594 ; gain = 0.000
INFO: [Opt 31-389] Phase Sweep created 0 cells and removed 0 cells

Phase 4 BUFG optimization
Phase 4 BUFG optimization | Checksum: 1c3e9ba5e

Time (s): cpu = 00:00:00 ; elapsed = 00:00:00.230 . Memory (MB): peak = 2479.594 ; gain = 0.000
INFO: [Opt 31-662] Phase BUFG optimization created 0 cells of which 0 are BUFGs and removed 0 cells.

Phase 5 Shift Register Optimization
INFO: [Opt 31-1064] SRL Remap converted 0 SRLs to 0 registers and converted 0 registers of register chains to 0 SRLs
Phase 5 Shift Register Optimization | Checksum: 1c3e9ba5e

Time (s): cpu = 00:00:00 ; elapsed = 00:00:00.234 . Memory (MB): peak = 2479.594 ; gain = 0.000
INFO: [Opt 31-389] Phase Shift Register Optimization created 0 cells and removed 0 cells

Phase 6 Post Processing Netlist
Phase 6 Post Processing Netlist | Checksum: 1c3e9ba5e

Time (s): cpu = 00:00:00 ; elapsed = 00:00:00.242 . Memory (MB): peak = 2479.594 ; gain = 0.000
INFO: [Opt 31-389] Phase Post Processing Netlist created 0 cells and removed 0 cells
Opt_design Change Summary
=========================


-------------------------------------------------------------------------------------------------------------------------
|  Phase                        |  #Cells created  |  #Cells Removed  |  #Constrained objects preventing optimizations  |
-------------------------------------------------------------------------------------------------------------------------
|  Retarget                     |               0  |               0  |                                              0  |
|  Constant propagation         |               0  |               0  |                                              0  |
|  Sweep                        |               0  |               0  |                                              0  |
|  BUFG optimization            |               0  |               0  |                                              0  |
|  Shift Register Optimization  |               0  |               0  |                                              0  |
|  Post Processing Netlist      |               0  |               0  |                                              0  |
-------------------------------------------------------------------------------------------------------------------------



Starting Connectivity Check Task

Time (s): cpu = 00:00:00 ; elapsed = 00:00:00.004 . Memory (MB): peak = 2479.594 ; gain = 0.000
Ending Logic Optimization Task | Checksum: 170671965

Time (s): cpu = 00:00:00 ; elapsed = 00:00:00.357 . Memory (MB): peak = 2479.594 ; gain = 0.000

Starting Power Optimization Task
INFO: [Pwropt 34-132] Skipping clock gating for clocks with a period < 2.00 ns.
Ending Power Optimization Task | Checksum: 170671965

Time (s): cpu = 00:00:00 ; elapsed = 00:00:00.008 . Memory (MB): peak = 2479.594 ; gain = 0.000

Starting Final Cleanup Task
Ending Final Cleanup Task | Checksum: 170671965

Time (s): cpu = 00:00:00 ; elapsed = 00:00:00.001 . Memory (MB): peak = 2479.594 ; gain = 0.000

Starting Netlist Obfuscation Task
Netlist sorting complete. Time (s): cpu = 00:00:00 ; elapsed = 00:00:00 . Memory (MB): peak = 2479.594 ; gain = 0.000
Ending Netlist Obfuscation Task | Checksum: 170671965

Time (s): cpu = 00:00:00 ; elapsed = 00:00:00.001 . Memory (MB): peak = 2479.594 ; gain = 0.000
INFO: [Common 17-83] Releasing license: Implementation
24 Infos, 1 Warnings, 37 Critical Warnings and 0 Errors encountered.
opt_design completed successfully
opt_design: Time (s): cpu = 00:00:13 ; elapsed = 00:00:13 . Memory (MB): peak = 2479.594 ; gain = 915.777
INFO: [Timing 38-480] Writing timing data to binary archive.
Writing XDEF routing.
Writing XDEF routing logical nets.
Writing XDEF routing special nets.
Write XDEF Complete: Time (s): cpu = 00:00:00 ; elapsed = 00:00:00.048 . Memory (MB): peak = 2479.594 ; gain = 0.000
INFO: [Common 17-1381] The checkpoint 'C:/Users/Daria/OneDrive/Documente/facultate/dsd-lab/Miss_PacMan/Miss_PacMan.runs/impl_1/pacman_opt.dcp' has been generated.
INFO: [runtcl-4] Executing : report_drc -file pacman_drc_opted.rpt -pb pacman_drc_opted.pb -rpx pacman_drc_opted.rpx
Command: report_drc -file pacman_drc_opted.rpt -pb pacman_drc_opted.pb -rpx pacman_drc_opted.rpx
INFO: [IP_Flow 19-234] Refreshing IP repositories
INFO: [IP_Flow 19-1704] No user IP repositories specified
INFO: [IP_Flow 19-2313] Loaded Vivado IP repository 'C:/Xilinx/Vivado/2022.2/data/ip'.
INFO: [DRC 23-27] Running DRC with 2 threads
INFO: [Vivado_Tcl 2-168] The results of DRC are in file C:/Users/Daria/OneDrive/Documente/facultate/dsd-lab/Miss_PacMan/Miss_PacMan.runs/impl_1/pacman_drc_opted.rpt.
report_drc completed successfully
Command: place_design
Attempting to get a license for feature 'Implementation' and/or device 'xc7a100t'
INFO: [Common 17-349] Got license for feature 'Implementation' and/or device 'xc7a100t'
INFO: [DRC 23-27] Running DRC with 2 threads
INFO: [Vivado_Tcl 4-198] DRC finished with 0 Errors
INFO: [Vivado_Tcl 4-199] Please refer to the DRC report (report_drc) for more information.
Running DRC as a precondition to command place_design
INFO: [DRC 23-27] Running DRC with 2 threads
INFO: [Vivado_Tcl 4-198] DRC finished with 0 Errors
INFO: [Vivado_Tcl 4-199] Please refer to the DRC report (report_drc) for more information.

Starting Placer Task
INFO: [Place 30-611] Multithreading enabled for place_design using a maximum of 2 CPUs

Phase 1 Placer Initialization

Phase 1.1 Placer Initialization Netlist Sorting
Netlist sorting complete. Time (s): cpu = 00:00:00 ; elapsed = 00:00:00.001 . Memory (MB): peak = 2479.594 ; gain = 0.000
Phase 1.1 Placer Initialization Netlist Sorting | Checksum: bc88abb5

Time (s): cpu = 00:00:00 ; elapsed = 00:00:00.009 . Memory (MB): peak = 2479.594 ; gain = 0.000
Netlist sorting complete. Time (s): cpu = 00:00:00 ; elapsed = 00:00:00 . Memory (MB): peak = 2479.594 ; gain = 0.000

Phase 1.2 IO Placement/ Clock Placement/ Build Placer Device
INFO: [Timing 38-35] Done setting XDC timing constraints.
Phase 1.2 IO Placement/ Clock Placement/ Build Placer Device | Checksum: a2be355d

Time (s): cpu = 00:00:01 ; elapsed = 00:00:00.912 . Memory (MB): peak = 2479.594 ; gain = 0.000

Phase 1.3 Build Placer Netlist Model
Phase 1.3 Build Placer Netlist Model | Checksum: ca0aa65f

Time (s): cpu = 00:00:01 ; elapsed = 00:00:01 . Memory (MB): peak = 2479.594 ; gain = 0.000

Phase 1.4 Constrain Clocks/Macros
Phase 1.4 Constrain Clocks/Macros | Checksum: ca0aa65f

Time (s): cpu = 00:00:01 ; elapsed = 00:00:01 . Memory (MB): peak = 2479.594 ; gain = 0.000
Phase 1 Placer Initialization | Checksum: ca0aa65f

Time (s): cpu = 00:00:01 ; elapsed = 00:00:01 . Memory (MB): peak = 2479.594 ; gain = 0.000

Phase 2 Global Placement

Phase 2.1 Floorplanning
Phase 2.1 Floorplanning | Checksum: de4e9475

Time (s): cpu = 00:00:01 ; elapsed = 00:00:01 . Memory (MB): peak = 2479.594 ; gain = 0.000

Phase 2.2 Update Timing before SLR Path Opt
Phase 2.2 Update Timing before SLR Path Opt | Checksum: be8702b2

Time (s): cpu = 00:00:01 ; elapsed = 00:00:01 . Memory (MB): peak = 2479.594 ; gain = 0.000

Phase 2.3 Post-Processing in Floorplanning
Phase 2.3 Post-Processing in Floorplanning | Checksum: be8702b2

Time (s): cpu = 00:00:01 ; elapsed = 00:00:01 . Memory (MB): peak = 2479.594 ; gain = 0.000

Phase 2.4 Global Placement Core

Phase 2.4.1 UpdateTiming Before Physical Synthesis
Phase 2.4.1 UpdateTiming Before Physical Synthesis | Checksum: bb737b47

Time (s): cpu = 00:00:06 ; elapsed = 00:00:04 . Memory (MB): peak = 2479.594 ; gain = 0.000

Phase 2.4.2 Physical Synthesis In Placer
INFO: [Physopt 32-1035] Found 0 LUTNM shape to break, 16 LUT instances to create LUTNM shape
INFO: [Physopt 32-1044] Break lutnm for timing: one critical 0, two critical 0, total 0, new lutff created 0
INFO: [Physopt 32-1138] End 1 Pass. Optimized 9 nets or LUTs. Breaked 0 LUT, combined 9 existing LUTs and moved 0 existing LUT
INFO: [Physopt 32-65] No nets found for high-fanout optimization.
INFO: [Physopt 32-232] Optimized 0 net. Created 0 new instance.
INFO: [Physopt 32-775] End 1 Pass. Optimized 0 net or cell. Created 0 new cell, deleted 0 existing cell and moved 0 existing cell
INFO: [Physopt 32-670] No setup violation found.  DSP Register Optimization was not performed.
INFO: [Physopt 32-670] No setup violation found.  Shift Register to Pipeline Optimization was not performed.
INFO: [Physopt 32-670] No setup violation found.  Shift Register Optimization was not performed.
INFO: [Physopt 32-670] No setup violation found.  BRAM Register Optimization was not performed.
INFO: [Physopt 32-670] No setup violation found.  URAM Register Optimization was not performed.
INFO: [Physopt 32-949] No candidate nets found for dynamic/static region interface net replication
INFO: [Physopt 32-775] End 1 Pass. Optimized 0 net or cell. Created 0 new cell, deleted 0 existing cell and moved 0 existing cell
Netlist sorting complete. Time (s): cpu = 00:00:00 ; elapsed = 00:00:00.001 . Memory (MB): peak = 2479.594 ; gain = 0.000

Summary of Physical Synthesis Optimizations
============================================


-----------------------------------------------------------------------------------------------------------------------------------------------------------
|  Optimization                                     |  Added Cells  |  Removed Cells  |  Optimized Cells/Nets  |  Dont Touch  |  Iterations  |  Elapsed   |
-----------------------------------------------------------------------------------------------------------------------------------------------------------
|  LUT Combining                                    |            0  |              9  |                     9  |           0  |           1  |  00:00:00  |
|  Retime                                           |            0  |              0  |                     0  |           0  |           1  |  00:00:00  |
|  Very High Fanout                                 |            0  |              0  |                     0  |           0  |           1  |  00:00:00  |
|  DSP Register                                     |            0  |              0  |                     0  |           0  |           0  |  00:00:00  |
|  Shift Register to Pipeline                       |            0  |              0  |                     0  |           0  |           0  |  00:00:00  |
|  Shift Register                                   |            0  |              0  |                     0  |           0  |           0  |  00:00:00  |
|  BRAM Register                                    |            0  |              0  |                     0  |           0  |           0  |  00:00:00  |
|  URAM Register                                    |            0  |              0  |                     0  |           0  |           0  |  00:00:00  |
|  Dynamic/Static Region Interface Net Replication  |            0  |              0  |                     0  |           0  |           1  |  00:00:00  |
|  Total                                            |            0  |              9  |                     9  |           0  |           4  |  00:00:00  |
-----------------------------------------------------------------------------------------------------------------------------------------------------------


Phase 2.4.2 Physical Synthesis In Placer | Checksum: 18fd8d064

Time (s): cpu = 00:00:06 ; elapsed = 00:00:04 . Memory (MB): peak = 2479.594 ; gain = 0.000
Phase 2.4 Global Placement Core | Checksum: 1ba2c5583

Time (s): cpu = 00:00:06 ; elapsed = 00:00:04 . Memory (MB): peak = 2479.594 ; gain = 0.000
Phase 2 Global Placement | Checksum: 1ba2c5583

Time (s): cpu = 00:00:06 ; elapsed = 00:00:04 . Memory (MB): peak = 2479.594 ; gain = 0.000

Phase 3 Detail Placement

Phase 3.1 Commit Multi Column Macros
Phase 3.1 Commit Multi Column Macros | Checksum: 12933d92f

Time (s): cpu = 00:00:06 ; elapsed = 00:00:04 . Memory (MB): peak = 2479.594 ; gain = 0.000

Phase 3.2 Commit Most Macros & LUTRAMs
Phase 3.2 Commit Most Macros & LUTRAMs | Checksum: 2617bea62

Time (s): cpu = 00:00:06 ; elapsed = 00:00:04 . Memory (MB): peak = 2479.594 ; gain = 0.000

Phase 3.3 Area Swap Optimization
Phase 3.3 Area Swap Optimization | Checksum: 1d1b0ceef

Time (s): cpu = 00:00:06 ; elapsed = 00:00:04 . Memory (MB): peak = 2479.594 ; gain = 0.000

Phase 3.4 Pipeline Register Optimization
Phase 3.4 Pipeline Register Optimization | Checksum: 1e22f8307

Time (s): cpu = 00:00:06 ; elapsed = 00:00:04 . Memory (MB): peak = 2479.594 ; gain = 0.000

Phase 3.5 Small Shape Detail Placement
Phase 3.5 Small Shape Detail Placement | Checksum: 1621c1e02

Time (s): cpu = 00:00:07 ; elapsed = 00:00:05 . Memory (MB): peak = 2479.594 ; gain = 0.000

Phase 3.6 Re-assign LUT pins
Phase 3.6 Re-assign LUT pins | Checksum: 1634c54c3

Time (s): cpu = 00:00:07 ; elapsed = 00:00:05 . Memory (MB): peak = 2479.594 ; gain = 0.000

Phase 3.7 Pipeline Register Optimization
Phase 3.7 Pipeline Register Optimization | Checksum: 153ca88db

Time (s): cpu = 00:00:07 ; elapsed = 00:00:05 . Memory (MB): peak = 2479.594 ; gain = 0.000
Phase 3 Detail Placement | Checksum: 153ca88db

Time (s): cpu = 00:00:07 ; elapsed = 00:00:05 . Memory (MB): peak = 2479.594 ; gain = 0.000

Phase 4 Post Placement Optimization and Clean-Up

Phase 4.1 Post Commit Optimization
INFO: [Timing 38-35] Done setting XDC timing constraints.

Phase 4.1.1 Post Placement Optimization
Post Placement Optimization Initialization | Checksum: 14995493e

Phase 4.1.1.1 BUFG Insertion

Starting Physical Synthesis Task

Phase 1 Physical Synthesis Initialization
INFO: [Physopt 32-721] Multithreading enabled for phys_opt_design using a maximum of 2 CPUs
INFO: [Physopt 32-619] Estimated Timing Summary | WNS=5.427 | TNS=0.000 |
Phase 1 Physical Synthesis Initialization | Checksum: 17b493016

Time (s): cpu = 00:00:00 ; elapsed = 00:00:00.036 . Memory (MB): peak = 2479.594 ; gain = 0.000
INFO: [Place 46-56] BUFG insertion identified 0 candidate nets. Inserted BUFG: 0, Replicated BUFG Driver: 0, Skipped due to Placement/Routing Conflicts: 0, Skipped due to Timing Degradation: 0, Skipped due to Illegal Netlist: 0.
Ending Physical Synthesis Task | Checksum: 1be6a0ffb

Time (s): cpu = 00:00:00 ; elapsed = 00:00:00.046 . Memory (MB): peak = 2479.594 ; gain = 0.000
Phase 4.1.1.1 BUFG Insertion | Checksum: 14995493e

Time (s): cpu = 00:00:07 ; elapsed = 00:00:05 . Memory (MB): peak = 2479.594 ; gain = 0.000

Phase 4.1.1.2 Post Placement Timing Optimization
INFO: [Place 30-746] Post Placement Timing Summary WNS=5.427. For the most accurate timing information please run report_timing.
Phase 4.1.1.2 Post Placement Timing Optimization | Checksum: 159fa7e68

Time (s): cpu = 00:00:07 ; elapsed = 00:00:05 . Memory (MB): peak = 2479.594 ; gain = 0.000

Time (s): cpu = 00:00:07 ; elapsed = 00:00:05 . Memory (MB): peak = 2479.594 ; gain = 0.000
Phase 4.1 Post Commit Optimization | Checksum: 159fa7e68

Time (s): cpu = 00:00:07 ; elapsed = 00:00:05 . Memory (MB): peak = 2479.594 ; gain = 0.000

Phase 4.2 Post Placement Cleanup
Phase 4.2 Post Placement Cleanup | Checksum: 159fa7e68

Time (s): cpu = 00:00:07 ; elapsed = 00:00:05 . Memory (MB): peak = 2479.594 ; gain = 0.000

Phase 4.3 Placer Reporting

Phase 4.3.1 Print Estimated Congestion
INFO: [Place 30-612] Post-Placement Estimated Congestion 
 ____________________________________________________
|           | Global Congestion | Short Congestion  |
| Direction | Region Size       | Region Size       |
|___________|___________________|___________________|
|      North|                1x1|                1x1|
|___________|___________________|___________________|
|      South|                1x1|                1x1|
|___________|___________________|___________________|
|       East|                1x1|                1x1|
|___________|___________________|___________________|
|       West|                1x1|                1x1|
|___________|___________________|___________________|

Phase 4.3.1 Print Estimated Congestion | Checksum: 159fa7e68

Time (s): cpu = 00:00:07 ; elapsed = 00:00:05 . Memory (MB): peak = 2479.594 ; gain = 0.000
Phase 4.3 Placer Reporting | Checksum: 159fa7e68

Time (s): cpu = 00:00:08 ; elapsed = 00:00:05 . Memory (MB): peak = 2479.594 ; gain = 0.000

Phase 4.4 Final Placement Cleanup
Netlist sorting complete. Time (s): cpu = 00:00:00 ; elapsed = 00:00:00.001 . Memory (MB): peak = 2479.594 ; gain = 0.000

Time (s): cpu = 00:00:08 ; elapsed = 00:00:05 . Memory (MB): peak = 2479.594 ; gain = 0.000
Phase 4 Post Placement Optimization and Clean-Up | Checksum: ed6db1f8

Time (s): cpu = 00:00:08 ; elapsed = 00:00:05 . Memory (MB): peak = 2479.594 ; gain = 0.000
Ending Placer Task | Checksum: 9dfed5db

Time (s): cpu = 00:00:08 ; elapsed = 00:00:05 . Memory (MB): peak = 2479.594 ; gain = 0.000
INFO: [Common 17-83] Releasing license: Implementation
61 Infos, 1 Warnings, 37 Critical Warnings and 0 Errors encountered.
place_design completed successfully
place_design: Time (s): cpu = 00:00:10 ; elapsed = 00:00:06 . Memory (MB): peak = 2479.594 ; gain = 0.000
INFO: [Timing 38-480] Writing timing data to binary archive.
Writing XDEF routing.
Writing XDEF routing logical nets.
Writing XDEF routing special nets.
Write XDEF Complete: Time (s): cpu = 00:00:00 ; elapsed = 00:00:00.208 . Memory (MB): peak = 2479.594 ; gain = 0.000
INFO: [Common 17-1381] The checkpoint 'C:/Users/Daria/OneDrive/Documente/facultate/dsd-lab/Miss_PacMan/Miss_PacMan.runs/impl_1/pacman_placed.dcp' has been generated.
INFO: [runtcl-4] Executing : report_io -file pacman_io_placed.rpt
report_io: Time (s): cpu = 00:00:00 ; elapsed = 00:00:00.074 . Memory (MB): peak = 2479.594 ; gain = 0.000
INFO: [runtcl-4] Executing : report_utilization -file pacman_utilization_placed.rpt -pb pacman_utilization_placed.pb
INFO: [runtcl-4] Executing : report_control_sets -verbose -file pacman_control_sets_placed.rpt
report_control_sets: Time (s): cpu = 00:00:00 ; elapsed = 00:00:00.003 . Memory (MB): peak = 2479.594 ; gain = 0.000
Command: phys_opt_design
Attempting to get a license for feature 'Implementation' and/or device 'xc7a100t'
INFO: [Common 17-349] Got license for feature 'Implementation' and/or device 'xc7a100t'

Starting Initial Update Timing Task

Time (s): cpu = 00:00:00 ; elapsed = 00:00:00.173 . Memory (MB): peak = 2486.891 ; gain = 7.297
INFO: [Vivado_Tcl 4-383] Design worst setup slack (WNS) is greater than or equal to 0.000 ns. Skipping all physical synthesis optimizations.
INFO: [Vivado_Tcl 4-232] No setup violation found. The netlist was not modified.
INFO: [Common 17-83] Releasing license: Implementation
70 Infos, 1 Warnings, 37 Critical Warnings and 0 Errors encountered.
phys_opt_design completed successfully
INFO: [Timing 38-480] Writing timing data to binary archive.
Writing XDEF routing.
Writing XDEF routing logical nets.
Writing XDEF routing special nets.
Write XDEF Complete: Time (s): cpu = 00:00:01 ; elapsed = 00:00:00.197 . Memory (MB): peak = 2504.715 ; gain = 17.824
INFO: [Common 17-1381] The checkpoint 'C:/Users/Daria/OneDrive/Documente/facultate/dsd-lab/Miss_PacMan/Miss_PacMan.runs/impl_1/pacman_physopt.dcp' has been generated.
Command: route_design
Attempting to get a license for feature 'Implementation' and/or device 'xc7a100t'
INFO: [Common 17-349] Got license for feature 'Implementation' and/or device 'xc7a100t'
Running DRC as a precondition to command route_design
INFO: [DRC 23-27] Running DRC with 2 threads
INFO: [Vivado_Tcl 4-198] DRC finished with 0 Errors
INFO: [Vivado_Tcl 4-199] Please refer to the DRC report (report_drc) for more information.


Starting Routing Task
INFO: [Route 35-254] Multithreading enabled for route_design using a maximum of 2 CPUs

Phase 1 Build RT Design
Checksum: PlaceDB: 822a86d8 ConstDB: 0 ShapeSum: 1bd44f03 RouteDB: 0
Post Restoration Checksum: NetGraph: e29b5026 NumContArr: 17a758e3 Constraints: 0 Timing: 0
Phase 1 Build RT Design | Checksum: fa42a909

Time (s): cpu = 00:00:34 ; elapsed = 00:00:31 . Memory (MB): peak = 2615.770 ; gain = 101.891

Phase 2 Router Initialization

Phase 2.1 Fix Topology Constraints
Phase 2.1 Fix Topology Constraints | Checksum: fa42a909

Time (s): cpu = 00:00:34 ; elapsed = 00:00:31 . Memory (MB): peak = 2622.348 ; gain = 108.469

Phase 2.2 Pre Route Cleanup
Phase 2.2 Pre Route Cleanup | Checksum: fa42a909

Time (s): cpu = 00:00:34 ; elapsed = 00:00:31 . Memory (MB): peak = 2622.348 ; gain = 108.469
 Number of Nodes with overlaps = 0

Phase 2.3 Update Timing
Phase 2.3 Update Timing | Checksum: 1b5c9e1b4

Time (s): cpu = 00:00:36 ; elapsed = 00:00:32 . Memory (MB): peak = 2639.098 ; gain = 125.219
INFO: [Route 35-416] Intermediate Timing Summary | WNS=5.421  | TNS=0.000  | WHS=-0.053 | THS=-0.057 |


Router Utilization Summary
  Global Vertical Routing Utilization    = 0.0459155 %
  Global Horizontal Routing Utilization  = 0.0849673 %
  Routable Net Status*
  *Does not include unroutable nets such as driverless and loadless.
  Run report_route_status for detailed report.
  Number of Failed Nets               = 982
    (Failed Nets is the sum of unrouted and partially routed nets)
  Number of Unrouted Nets             = 939
  Number of Partially Routed Nets     = 43
  Number of Node Overlaps             = 1119

Phase 2 Router Initialization | Checksum: 22c71f238

Time (s): cpu = 00:00:36 ; elapsed = 00:00:32 . Memory (MB): peak = 2640.523 ; gain = 126.645

Phase 3 Initial Routing

Phase 3.1 Global Routing
Phase 3.1 Global Routing | Checksum: 22c71f238

Time (s): cpu = 00:00:36 ; elapsed = 00:00:32 . Memory (MB): peak = 2640.523 ; gain = 126.645
Phase 3 Initial Routing | Checksum: 1cf9ac57b

Time (s): cpu = 00:00:37 ; elapsed = 00:00:32 . Memory (MB): peak = 2640.523 ; gain = 126.645

Phase 4 Rip-up And Reroute

Phase 4.1 Global Iteration 0
 Number of Nodes with overlaps = 82
 Number of Nodes with overlaps = 0
INFO: [Route 35-416] Intermediate Timing Summary | WNS=4.727  | TNS=0.000  | WHS=N/A    | THS=N/A    |

Phase 4.1 Global Iteration 0 | Checksum: 23e8553ae

Time (s): cpu = 00:00:37 ; elapsed = 00:00:33 . Memory (MB): peak = 2640.523 ; gain = 126.645
Phase 4 Rip-up And Reroute | Checksum: 23e8553ae

Time (s): cpu = 00:00:37 ; elapsed = 00:00:33 . Memory (MB): peak = 2640.523 ; gain = 126.645

Phase 5 Delay and Skew Optimization

Phase 5.1 Delay CleanUp
Phase 5.1 Delay CleanUp | Checksum: 23e8553ae

Time (s): cpu = 00:00:37 ; elapsed = 00:00:33 . Memory (MB): peak = 2640.523 ; gain = 126.645

Phase 5.2 Clock Skew Optimization
Phase 5.2 Clock Skew Optimization | Checksum: 23e8553ae

Time (s): cpu = 00:00:37 ; elapsed = 00:00:33 . Memory (MB): peak = 2640.523 ; gain = 126.645
Phase 5 Delay and Skew Optimization | Checksum: 23e8553ae

Time (s): cpu = 00:00:37 ; elapsed = 00:00:33 . Memory (MB): peak = 2640.523 ; gain = 126.645

Phase 6 Post Hold Fix

Phase 6.1 Hold Fix Iter

Phase 6.1.1 Update Timing
Phase 6.1.1 Update Timing | Checksum: 2551530d6

Time (s): cpu = 00:00:37 ; elapsed = 00:00:33 . Memory (MB): peak = 2640.523 ; gain = 126.645
INFO: [Route 35-416] Intermediate Timing Summary | WNS=4.823  | TNS=0.000  | WHS=0.238  | THS=0.000  |

Phase 6.1 Hold Fix Iter | Checksum: 2551530d6

Time (s): cpu = 00:00:37 ; elapsed = 00:00:33 . Memory (MB): peak = 2640.523 ; gain = 126.645
Phase 6 Post Hold Fix | Checksum: 2551530d6

Time (s): cpu = 00:00:37 ; elapsed = 00:00:33 . Memory (MB): peak = 2640.523 ; gain = 126.645

Phase 7 Route finalize

Router Utilization Summary
  Global Vertical Routing Utilization    = 0.209688 %
  Global Horizontal Routing Utilization  = 0.253268 %
  Routable Net Status*
  *Does not include unroutable nets such as driverless and loadless.
  Run report_route_status for detailed report.
  Number of Failed Nets               = 0
    (Failed Nets is the sum of unrouted and partially routed nets)
  Number of Unrouted Nets             = 0
  Number of Partially Routed Nets     = 0
  Number of Node Overlaps             = 0

Phase 7 Route finalize | Checksum: 2551530d6

Time (s): cpu = 00:00:37 ; elapsed = 00:00:33 . Memory (MB): peak = 2640.523 ; gain = 126.645

Phase 8 Verifying routed nets

 Verification completed successfully
Phase 8 Verifying routed nets | Checksum: 2551530d6

Time (s): cpu = 00:00:37 ; elapsed = 00:00:33 . Memory (MB): peak = 2640.523 ; gain = 126.645

Phase 9 Depositing Routes
Phase 9 Depositing Routes | Checksum: 2510d428c

Time (s): cpu = 00:00:38 ; elapsed = 00:00:33 . Memory (MB): peak = 2640.523 ; gain = 126.645

Phase 10 Post Router Timing
INFO: [Route 35-57] Estimated Timing Summary | WNS=4.823  | TNS=0.000  | WHS=0.238  | THS=0.000  |

INFO: [Route 35-327] The final timing numbers are based on the router estimated timing analysis. For a complete and accurate timing signoff, please run report_timing_summary.
Phase 10 Post Router Timing | Checksum: 2510d428c

Time (s): cpu = 00:00:38 ; elapsed = 00:00:33 . Memory (MB): peak = 2640.523 ; gain = 126.645
INFO: [Route 35-16] Router Completed Successfully

Time (s): cpu = 00:00:38 ; elapsed = 00:00:33 . Memory (MB): peak = 2640.523 ; gain = 126.645

Routing Is Done.
INFO: [Common 17-83] Releasing license: Implementation
84 Infos, 1 Warnings, 37 Critical Warnings and 0 Errors encountered.
route_design completed successfully
route_design: Time (s): cpu = 00:00:40 ; elapsed = 00:00:34 . Memory (MB): peak = 2640.523 ; gain = 135.809
INFO: [Timing 38-480] Writing timing data to binary archive.
Writing XDEF routing.
Writing XDEF routing logical nets.
Writing XDEF routing special nets.
Write XDEF Complete: Time (s): cpu = 00:00:00 ; elapsed = 00:00:00.218 . Memory (MB): peak = 2650.102 ; gain = 9.578
INFO: [Common 17-1381] The checkpoint 'C:/Users/Daria/OneDrive/Documente/facultate/dsd-lab/Miss_PacMan/Miss_PacMan.runs/impl_1/pacman_routed.dcp' has been generated.
INFO: [runtcl-4] Executing : report_drc -file pacman_drc_routed.rpt -pb pacman_drc_routed.pb -rpx pacman_drc_routed.rpx
Command: report_drc -file pacman_drc_routed.rpt -pb pacman_drc_routed.pb -rpx pacman_drc_routed.rpx
INFO: [IP_Flow 19-1839] IP Catalog is up to date.
INFO: [DRC 23-27] Running DRC with 2 threads
INFO: [Vivado_Tcl 2-168] The results of DRC are in file C:/Users/Daria/OneDrive/Documente/facultate/dsd-lab/Miss_PacMan/Miss_PacMan.runs/impl_1/pacman_drc_routed.rpt.
report_drc completed successfully
INFO: [runtcl-4] Executing : report_methodology -file pacman_methodology_drc_routed.rpt -pb pacman_methodology_drc_routed.pb -rpx pacman_methodology_drc_routed.rpx
Command: report_methodology -file pacman_methodology_drc_routed.rpt -pb pacman_methodology_drc_routed.pb -rpx pacman_methodology_drc_routed.rpx
INFO: [Timing 38-35] Done setting XDC timing constraints.
INFO: [DRC 23-133] Running Methodology with 2 threads
INFO: [Vivado_Tcl 2-1520] The results of Report Methodology are in file C:/Users/Daria/OneDrive/Documente/facultate/dsd-lab/Miss_PacMan/Miss_PacMan.runs/impl_1/pacman_methodology_drc_routed.rpt.
report_methodology completed successfully
INFO: [runtcl-4] Executing : report_power -file pacman_power_routed.rpt -pb pacman_power_summary_routed.pb -rpx pacman_power_routed.rpx
Command: report_power -file pacman_power_routed.rpt -pb pacman_power_summary_routed.pb -rpx pacman_power_routed.rpx
INFO: [Timing 38-35] Done setting XDC timing constraints.
Running Vector-less Activity Propagation...

Finished Running Vector-less Activity Propagation
96 Infos, 1 Warnings, 37 Critical Warnings and 0 Errors encountered.
report_power completed successfully
INFO: [runtcl-4] Executing : report_route_status -file pacman_route_status.rpt -pb pacman_route_status.pb
INFO: [runtcl-4] Executing : report_timing_summary -max_paths 10 -report_unconstrained -file pacman_timing_summary_routed.rpt -pb pacman_timing_summary_routed.pb -rpx pacman_timing_summary_routed.rpx -warn_on_violation 
INFO: [Timing 38-91] UpdateTimingParams: Speed grade: -1, Delay Type: min_max.
INFO: [Timing 38-191] Multithreading enabled for timing update using a maximum of 2 CPUs
INFO: [runtcl-4] Executing : report_incremental_reuse -file pacman_incremental_reuse_routed.rpt
INFO: [Vivado_Tcl 4-1062] Incremental flow is disabled. No incremental reuse Info to report.
INFO: [runtcl-4] Executing : report_clock_utilization -file pacman_clock_utilization_routed.rpt
INFO: [runtcl-4] Executing : report_bus_skew -warn_on_violation -file pacman_bus_skew_routed.rpt -pb pacman_bus_skew_routed.pb -rpx pacman_bus_skew_routed.rpx
INFO: [Timing 38-91] UpdateTimingParams: Speed grade: -1, Delay Type: min_max.
INFO: [Timing 38-191] Multithreading enabled for timing update using a maximum of 2 CPUs
Command: write_bitstream -force pacman.bit
Attempting to get a license for feature 'Implementation' and/or device 'xc7a100t'
INFO: [Common 17-349] Got license for feature 'Implementation' and/or device 'xc7a100t'
Running DRC as a precondition to command write_bitstream
INFO: [IP_Flow 19-1839] IP Catalog is up to date.
INFO: [DRC 23-27] Running DRC with 2 threads
WARNING: [DRC CFGBVS-1] Missing CFGBVS and CONFIG_VOLTAGE Design Properties: Neither the CFGBVS nor CONFIG_VOLTAGE voltage property is set in the current_design.  Configuration bank voltage select (CFGBVS) must be set to VCCO or GND, and CONFIG_VOLTAGE must be set to the correct configuration voltage, in order to determine the I/O voltage support for the pins in bank 0.  It is suggested to specify these either using the 'Edit Device Properties' function in the GUI or directly in the XDC file using the following syntax:

 set_property CFGBVS value1 [current_design]
 #where value1 is either VCCO or GND

 set_property CONFIG_VOLTAGE value2 [current_design]
 #where value2 is the voltage provided to configuration bank 0

Refer to the device configuration user guide for more information.
WARNING: [DRC PDRC-153] Gated clock check: Net xf_reg[0]_LDC_i_1_n_0 is a gated clock net sourced by a combinational pin xf_reg[0]_LDC_i_1/O, cell xf_reg[0]_LDC_i_1. This is not good design practice and will likely impact performance. For SLICE registers, for example, use the CE pin to control the loading of data.
WARNING: [DRC PDRC-153] Gated clock check: Net xf_reg[1]_LDC_i_1_n_0 is a gated clock net sourced by a combinational pin xf_reg[1]_LDC_i_1/O, cell xf_reg[1]_LDC_i_1. This is not good design practice and will likely impact performance. For SLICE registers, for example, use the CE pin to control the loading of data.
WARNING: [DRC PDRC-153] Gated clock check: Net xf_reg[2]_LDC_i_1_n_0 is a gated clock net sourced by a combinational pin xf_reg[2]_LDC_i_1/O, cell xf_reg[2]_LDC_i_1. This is not good design practice and will likely impact performance. For SLICE registers, for example, use the CE pin to control the loading of data.
WARNING: [DRC PDRC-153] Gated clock check: Net yf_reg[0]_LDC_i_1_n_0 is a gated clock net sourced by a combinational pin yf_reg[0]_LDC_i_1/O, cell yf_reg[0]_LDC_i_1. This is not good design practice and will likely impact performance. For SLICE registers, for example, use the CE pin to control the loading of data.
WARNING: [DRC PDRC-153] Gated clock check: Net yf_reg[1]_LDC_i_1_n_0 is a gated clock net sourced by a combinational pin yf_reg[1]_LDC_i_1/O, cell yf_reg[1]_LDC_i_1. This is not good design practice and will likely impact performance. For SLICE registers, for example, use the CE pin to control the loading of data.
INFO: [Vivado 12-3199] DRC finished with 0 Errors, 6 Warnings
INFO: [Vivado 12-3200] Please refer to the DRC report (report_drc) for more information.
INFO: [Designutils 20-2272] Running write_bitstream with 2 threads.
Loading data files...
Loading site data...
Loading route data...
Processing options...
Creating bitmap...
Creating bitstream...
Writing bitstream ./pacman.bit...
INFO: [Vivado 12-1842] Bitgen Completed Successfully.
INFO: [Project 1-1876] WebTalk data collection is mandatory when using a ULT device. To see the specific WebTalk data collected for your design, open the usage_statistics_webtalk.html or usage_statistics_webtalk.xml file in the implementation directory.
INFO: [Common 17-83] Releasing license: Implementation
12 Infos, 6 Warnings, 0 Critical Warnings and 0 Errors encountered.
write_bitstream completed successfully
write_bitstream: Time (s): cpu = 00:00:15 ; elapsed = 00:00:14 . Memory (MB): peak = 3112.102 ; gain = 441.914
INFO: [Common 17-206] Exiting Vivado at Thu May 18 19:10:20 2023...

*** Running vivado
    with args -log pacman.vdi -applog -m64 -product Vivado -messageDb vivado.pb -mode batch -source pacman.tcl -notrace



****** Vivado v2022.2 (64-bit)
  **** SW Build 3671981 on Fri Oct 14 05:00:03 MDT 2022
  **** IP Build 3669848 on Fri Oct 14 08:30:02 MDT 2022
    ** Copyright 1986-2022 Xilinx, Inc. All Rights Reserved.

source pacman.tcl -notrace
Command: open_checkpoint pacman_routed.dcp
INFO: [Device 21-403] Loading part xc7a100tcsg324-1
Netlist sorting complete. Time (s): cpu = 00:00:00 ; elapsed = 00:00:00.008 . Memory (MB): peak = 1425.270 ; gain = 0.000
INFO: [Netlist 29-17] Analyzing 277 Unisim elements for replacement
INFO: [Netlist 29-28] Unisim Transformation completed in 0 CPU seconds
WARNING: [Netlist 29-101] Netlist 'pacman' is not ideal for floorplanning, since the cellview 'pacman' contains a large number of primitives.  Please consider enabling hierarchy in synthesis if you want to do floorplanning.
INFO: [Project 1-479] Netlist was created with Vivado 2022.2
INFO: [Project 1-570] Preparing netlist for logic optimization
INFO: [Timing 38-478] Restoring timing data from binary archive.
INFO: [Timing 38-479] Binary timing data restore complete.
INFO: [Project 1-856] Restoring constraints from binary archive.
INFO: [Project 1-853] Binary constraint restore complete.
Reading XDEF placement.
Reading placer database...
Reading XDEF routing.
Read XDEF Files: Time (s): cpu = 00:00:01 ; elapsed = 00:00:00.212 . Memory (MB): peak = 2135.375 ; gain = 7.285
Restored from archive | CPU: 1.000000 secs | Memory: 0.000000 MB |
Finished XDEF File Restore: Time (s): cpu = 00:00:01 ; elapsed = 00:00:00.212 . Memory (MB): peak = 2135.375 ; gain = 7.285
Netlist sorting complete. Time (s): cpu = 00:00:00 ; elapsed = 00:00:00 . Memory (MB): peak = 2135.375 ; gain = 0.000
INFO: [Project 1-111] Unisim Transformation Summary:
No Unisim elements were transformed.

INFO: [Project 1-604] Checkpoint was created with Vivado v2022.2 (64-bit) build 3671981
OpenCheckpoint Checksum | Checksum: 185175a94
----- Checksum: PlaceDB: 9de06efb ShapeSum: 1bd44f03 RouteDB: cb629c96 
open_checkpoint: Time (s): cpu = 00:00:19 ; elapsed = 00:00:22 . Memory (MB): peak = 2135.375 ; gain = 1251.078
Command: write_bitstream -force pacman.bit
Attempting to get a license for feature 'Implementation' and/or device 'xc7a100t'
INFO: [Common 17-349] Got license for feature 'Implementation' and/or device 'xc7a100t'
Running DRC as a precondition to command write_bitstream
INFO: [IP_Flow 19-234] Refreshing IP repositories
INFO: [IP_Flow 19-1704] No user IP repositories specified
INFO: [IP_Flow 19-2313] Loaded Vivado IP repository 'C:/Xilinx/Vivado/2022.2/data/ip'.
INFO: [DRC 23-27] Running DRC with 2 threads
WARNING: [DRC CFGBVS-1] Missing CFGBVS and CONFIG_VOLTAGE Design Properties: Neither the CFGBVS nor CONFIG_VOLTAGE voltage property is set in the current_design.  Configuration bank voltage select (CFGBVS) must be set to VCCO or GND, and CONFIG_VOLTAGE must be set to the correct configuration voltage, in order to determine the I/O voltage support for the pins in bank 0.  It is suggested to specify these either using the 'Edit Device Properties' function in the GUI or directly in the XDC file using the following syntax:

 set_property CFGBVS value1 [current_design]
 #where value1 is either VCCO or GND

 set_property CONFIG_VOLTAGE value2 [current_design]
 #where value2 is the voltage provided to configuration bank 0

Refer to the device configuration user guide for more information.
WARNING: [DRC PDRC-153] Gated clock check: Net xf_reg[0]_LDC_i_1_n_0 is a gated clock net sourced by a combinational pin xf_reg[0]_LDC_i_1/O, cell xf_reg[0]_LDC_i_1. This is not good design practice and will likely impact performance. For SLICE registers, for example, use the CE pin to control the loading of data.
WARNING: [DRC PDRC-153] Gated clock check: Net xf_reg[1]_LDC_i_1_n_0 is a gated clock net sourced by a combinational pin xf_reg[1]_LDC_i_1/O, cell xf_reg[1]_LDC_i_1. This is not good design practice and will likely impact performance. For SLICE registers, for example, use the CE pin to control the loading of data.
WARNING: [DRC PDRC-153] Gated clock check: Net xf_reg[2]_LDC_i_1_n_0 is a gated clock net sourced by a combinational pin xf_reg[2]_LDC_i_1/O, cell xf_reg[2]_LDC_i_1. This is not good design practice and will likely impact performance. For SLICE registers, for example, use the CE pin to control the loading of data.
WARNING: [DRC PDRC-153] Gated clock check: Net yf_reg[0]_LDC_i_1_n_0 is a gated clock net sourced by a combinational pin yf_reg[0]_LDC_i_1/O, cell yf_reg[0]_LDC_i_1. This is not good design practice and will likely impact performance. For SLICE registers, for example, use the CE pin to control the loading of data.
WARNING: [DRC PDRC-153] Gated clock check: Net yf_reg[1]_LDC_i_1_n_0 is a gated clock net sourced by a combinational pin yf_reg[1]_LDC_i_1/O, cell yf_reg[1]_LDC_i_1. This is not good design practice and will likely impact performance. For SLICE registers, for example, use the CE pin to control the loading of data.
INFO: [Vivado 12-3199] DRC finished with 0 Errors, 6 Warnings
INFO: [Vivado 12-3200] Please refer to the DRC report (report_drc) for more information.
INFO: [Designutils 20-2272] Running write_bitstream with 2 threads.
Loading data files...
Loading site data...
Loading route data...
Processing options...
Creating bitmap...
Creating bitstream...
Writing bitstream ./pacman.bit...
INFO: [Vivado 12-1842] Bitgen Completed Successfully.
INFO: [Project 1-1876] WebTalk data collection is mandatory when using a ULT device. To see the specific WebTalk data collected for your design, open the usage_statistics_webtalk.html or usage_statistics_webtalk.xml file in the implementation directory.
INFO: [Common 17-83] Releasing license: Implementation
22 Infos, 7 Warnings, 0 Critical Warnings and 0 Errors encountered.
write_bitstream completed successfully
write_bitstream: Time (s): cpu = 00:00:15 ; elapsed = 00:00:15 . Memory (MB): peak = 2649.160 ; gain = 513.785
INFO: [Common 17-206] Exiting Vivado at Thu May 25 18:20:49 2023...

*** Running vivado
    with args -log pacman.vdi -applog -m64 -product Vivado -messageDb vivado.pb -mode batch -source pacman.tcl -notrace



****** Vivado v2022.2 (64-bit)
  **** SW Build 3671981 on Fri Oct 14 05:00:03 MDT 2022
  **** IP Build 3669848 on Fri Oct 14 08:30:02 MDT 2022
    ** Copyright 1986-2022 Xilinx, Inc. All Rights Reserved.

source pacman.tcl -notrace
Command: open_checkpoint pacman_routed.dcp
INFO: [Device 21-403] Loading part xc7a100tcsg324-1
Netlist sorting complete. Time (s): cpu = 00:00:00 ; elapsed = 00:00:00.009 . Memory (MB): peak = 1424.352 ; gain = 0.000
INFO: [Netlist 29-17] Analyzing 277 Unisim elements for replacement
INFO: [Netlist 29-28] Unisim Transformation completed in 0 CPU seconds
WARNING: [Netlist 29-101] Netlist 'pacman' is not ideal for floorplanning, since the cellview 'pacman' contains a large number of primitives.  Please consider enabling hierarchy in synthesis if you want to do floorplanning.
INFO: [Project 1-479] Netlist was created with Vivado 2022.2
INFO: [Project 1-570] Preparing netlist for logic optimization
INFO: [Timing 38-478] Restoring timing data from binary archive.
INFO: [Timing 38-479] Binary timing data restore complete.
INFO: [Project 1-856] Restoring constraints from binary archive.
INFO: [Project 1-853] Binary constraint restore complete.
Reading XDEF placement.
Reading placer database...
Reading XDEF routing.
Read XDEF Files: Time (s): cpu = 00:00:00 ; elapsed = 00:00:00.192 . Memory (MB): peak = 2136.195 ; gain = 6.941
Restored from archive | CPU: 0.000000 secs | Memory: 0.000000 MB |
Finished XDEF File Restore: Time (s): cpu = 00:00:00 ; elapsed = 00:00:00.192 . Memory (MB): peak = 2136.195 ; gain = 6.941
Netlist sorting complete. Time (s): cpu = 00:00:00 ; elapsed = 00:00:00 . Memory (MB): peak = 2136.195 ; gain = 0.000
INFO: [Project 1-111] Unisim Transformation Summary:
No Unisim elements were transformed.

INFO: [Project 1-604] Checkpoint was created with Vivado v2022.2 (64-bit) build 3671981
OpenCheckpoint Checksum | Checksum: 185175a94
----- Checksum: PlaceDB: 9de06efb ShapeSum: 1bd44f03 RouteDB: cb629c96 
open_checkpoint: Time (s): cpu = 00:00:20 ; elapsed = 00:00:23 . Memory (MB): peak = 2136.195 ; gain = 1251.199
Command: write_bitstream -force pacman.bit
Attempting to get a license for feature 'Implementation' and/or device 'xc7a100t'
INFO: [Common 17-349] Got license for feature 'Implementation' and/or device 'xc7a100t'
Running DRC as a precondition to command write_bitstream
INFO: [IP_Flow 19-234] Refreshing IP repositories
INFO: [IP_Flow 19-1704] No user IP repositories specified
INFO: [IP_Flow 19-2313] Loaded Vivado IP repository 'C:/Xilinx/Vivado/2022.2/data/ip'.
INFO: [DRC 23-27] Running DRC with 2 threads
WARNING: [DRC CFGBVS-1] Missing CFGBVS and CONFIG_VOLTAGE Design Properties: Neither the CFGBVS nor CONFIG_VOLTAGE voltage property is set in the current_design.  Configuration bank voltage select (CFGBVS) must be set to VCCO or GND, and CONFIG_VOLTAGE must be set to the correct configuration voltage, in order to determine the I/O voltage support for the pins in bank 0.  It is suggested to specify these either using the 'Edit Device Properties' function in the GUI or directly in the XDC file using the following syntax:

 set_property CFGBVS value1 [current_design]
 #where value1 is either VCCO or GND

 set_property CONFIG_VOLTAGE value2 [current_design]
 #where value2 is the voltage provided to configuration bank 0

Refer to the device configuration user guide for more information.
WARNING: [DRC PDRC-153] Gated clock check: Net xf_reg[0]_LDC_i_1_n_0 is a gated clock net sourced by a combinational pin xf_reg[0]_LDC_i_1/O, cell xf_reg[0]_LDC_i_1. This is not good design practice and will likely impact performance. For SLICE registers, for example, use the CE pin to control the loading of data.
WARNING: [DRC PDRC-153] Gated clock check: Net xf_reg[1]_LDC_i_1_n_0 is a gated clock net sourced by a combinational pin xf_reg[1]_LDC_i_1/O, cell xf_reg[1]_LDC_i_1. This is not good design practice and will likely impact performance. For SLICE registers, for example, use the CE pin to control the loading of data.
WARNING: [DRC PDRC-153] Gated clock check: Net xf_reg[2]_LDC_i_1_n_0 is a gated clock net sourced by a combinational pin xf_reg[2]_LDC_i_1/O, cell xf_reg[2]_LDC_i_1. This is not good design practice and will likely impact performance. For SLICE registers, for example, use the CE pin to control the loading of data.
WARNING: [DRC PDRC-153] Gated clock check: Net yf_reg[0]_LDC_i_1_n_0 is a gated clock net sourced by a combinational pin yf_reg[0]_LDC_i_1/O, cell yf_reg[0]_LDC_i_1. This is not good design practice and will likely impact performance. For SLICE registers, for example, use the CE pin to control the loading of data.
WARNING: [DRC PDRC-153] Gated clock check: Net yf_reg[1]_LDC_i_1_n_0 is a gated clock net sourced by a combinational pin yf_reg[1]_LDC_i_1/O, cell yf_reg[1]_LDC_i_1. This is not good design practice and will likely impact performance. For SLICE registers, for example, use the CE pin to control the loading of data.
INFO: [Vivado 12-3199] DRC finished with 0 Errors, 6 Warnings
INFO: [Vivado 12-3200] Please refer to the DRC report (report_drc) for more information.
INFO: [Designutils 20-2272] Running write_bitstream with 2 threads.
Loading data files...
Loading site data...
Loading route data...
Processing options...
Creating bitmap...
Creating bitstream...
Writing bitstream ./pacman.bit...
INFO: [Vivado 12-1842] Bitgen Completed Successfully.
INFO: [Project 1-1876] WebTalk data collection is mandatory when using a ULT device. To see the specific WebTalk data collected for your design, open the usage_statistics_webtalk.html or usage_statistics_webtalk.xml file in the implementation directory.
INFO: [Common 17-83] Releasing license: Implementation
22 Infos, 7 Warnings, 0 Critical Warnings and 0 Errors encountered.
write_bitstream completed successfully
write_bitstream: Time (s): cpu = 00:00:16 ; elapsed = 00:00:15 . Memory (MB): peak = 2641.391 ; gain = 505.195
INFO: [Common 17-206] Exiting Vivado at Tue May 30 23:13:15 2023...
